<?xml version="1.0" encoding="UTF-8"?>
<testsuite xmlns:xsi="http://www.w3.org/2001/XMLSchema-instance" xsi:noNamespaceSchemaLocation="https://maven.apache.org/surefire/maven-surefire-plugin/xsd/surefire-test-report.xsd" name="hn.joan.calculadora_areas.AppTest" time="0.054" tests="12" errors="0" skipped="0" failures="0">
  <properties>
    <property name="java.specification.version" value="17"/>
    <property name="sun.cpu.isalist" value="amd64"/>
    <property name="sun.jnu.encoding" value="Cp1252"/>
    <property name="java.class.path" value="C:\Users\joang\Documents\UTH\2023\2do Trimestre\Avanzada II\Avanzada_II_IP\Calculadora_Areas\calculadora-areas\target\test-classes;C:\Users\joang\Documents\UTH\2023\2do Trimestre\Avanzada II\Avanzada_II_IP\Calculadora_Areas\calculadora-areas\target\classes;C:\Users\joang\.m2\repository\junit\junit\4.13.2\junit-4.13.2.jar;C:\Users\joang\.m2\repository\org\hamcrest\hamcrest-core\1.3\hamcrest-core-1.3.jar;"/>
    <property name="java.vm.vendor" value="Oracle Corporation"/>
    <property name="sun.arch.data.model" value="64"/>
    <property name="user.variant" value=""/>
    <property name="java.vendor.url" value="https://java.oracle.com/"/>
    <property name="user.timezone" value="America/Guatemala"/>
    <property name="os.name" value="Windows 11"/>
    <property name="java.vm.specification.version" value="17"/>
    <property name="sun.java.launcher" value="SUN_STANDARD"/>
    <property name="user.country" value="ES"/>
    <property name="sun.boot.library.path" value="C:\Program Files\Java\jdk-17\bin"/>
    <property name="sun.java.command" value="C:\Users\joang\AppData\Local\Temp\surefire8985646029973472626\surefirebooter16236349457889657344.jar C:\Users\joang\AppData\Local\Temp\surefire8985646029973472626 2023-06-11T16-31-15_144-jvmRun1 surefire11990836581750719396tmp surefire_010343316400846747656tmp"/>
    <property name="jdk.debug" value="release"/>
    <property name="surefire.test.class.path" value="C:\Users\joang\Documents\UTH\2023\2do Trimestre\Avanzada II\Avanzada_II_IP\Calculadora_Areas\calculadora-areas\target\test-classes;C:\Users\joang\Documents\UTH\2023\2do Trimestre\Avanzada II\Avanzada_II_IP\Calculadora_Areas\calculadora-areas\target\classes;C:\Users\joang\.m2\repository\junit\junit\4.13.2\junit-4.13.2.jar;C:\Users\joang\.m2\repository\org\hamcrest\hamcrest-core\1.3\hamcrest-core-1.3.jar;"/>
    <property name="sun.cpu.endian" value="little"/>
    <property name="user.home" value="C:\Users\joang"/>
    <property name="user.language" value="es"/>
    <property name="java.specification.vendor" value="Oracle Corporation"/>
    <property name="java.version.date" value="2023-04-18"/>
    <property name="java.home" value="C:\Program Files\Java\jdk-17"/>
    <property name="file.separator" value="\"/>
    <property name="style.color" value="always"/>
    <property name="basedir" value="C:\Users\joang\Documents\UTH\2023\2do Trimestre\Avanzada II\Avanzada_II_IP\Calculadora_Areas\calculadora-areas"/>
    <property name="java.vm.compressedOopsMode" value="Zero based"/>
    <property name="line.separator" value="&#10;"/>
    <property name="java.vm.specification.vendor" value="Oracle Corporation"/>
    <property name="java.specification.name" value="Java Platform API Specification"/>
    <property name="surefire.real.class.path" value="C:\Users\joang\AppData\Local\Temp\surefire8985646029973472626\surefirebooter16236349457889657344.jar"/>
    <property name="user.script" value=""/>
    <property name="sun.management.compiler" value="HotSpot 64-Bit Tiered Compilers"/>
    <property name="java.runtime.version" value="17.0.7+8-LTS-224"/>
    <property name="user.name" value="joang"/>
    <property name="path.separator" value=";"/>
    <property name="os.version" value="10.0"/>
    <property name="java.runtime.name" value="Java(TM) SE Runtime Environment"/>
    <property name="file.encoding" value="Cp1252"/>
    <property name="java.vm.name" value="Java HotSpot(TM) 64-Bit Server VM"/>
    <property name="localRepository" value="C:\Users\joang\.m2\repository"/>
    <property name="java.vendor.url.bug" value="https://bugreport.java.com/bugreport/"/>
    <property name="java.io.tmpdir" value="C:\Users\joang\AppData\Local\Temp\"/>
    <property name="java.version" value="17.0.7"/>
    <property name="user.dir" value="C:\Users\joang\Documents\UTH\2023\2do Trimestre\Avanzada II\Avanzada_II_IP\Calculadora_Areas\calculadora-areas"/>
    <property name="os.arch" value="amd64"/>
    <property name="java.vm.specification.name" value="Java Virtual Machine Specification"/>
    <property name="sun.os.patch.level" value=""/>
    <property name="native.encoding" value="Cp1252"/>
    <property name="java.library.path" value="C:\Program Files\Java\jdk-17\bin;C:\Windows\Sun\Java\bin;C:\Windows\system32;C:\Windows;C:\Program Files\Common Files\Oracle\Java\javapath;C:\Program Files (x86)\VMware\VMware Workstation\bin\;C:\Windows\system32;C:\Windows;C:\Windows\System32\Wbem;C:\Windows\System32\WindowsPowerShell\v1.0\;C:\Windows\System32\OpenSSH\;C:\Program Files (x86)\NVIDIA Corporation\PhysX\Common;C:\Maven\apache-maven-3.9.2\bin;C:\Program Files\Git\cmd;C:\Users\joang\AppData\Local\Microsoft\WindowsApps;C:\Users\joang\AppData\Local\GitHubDesktop\bin;."/>
    <property name="java.vm.info" value="mixed mode, sharing"/>
    <property name="java.vendor" value="Oracle Corporation"/>
    <property name="java.vm.version" value="17.0.7+8-LTS-224"/>
    <property name="sun.io.unicode.encoding" value="UnicodeLittle"/>
    <property name="java.class.version" value="61.0"/>
  </properties>
  <testcase name="areaTriangulo1" classname="hn.joan.calculadora_areas.AppTest" time="0.005"/>
  <testcase name="areaTriangulo2" classname="hn.joan.calculadora_areas.AppTest" time="0"/>
  <testcase name="areaTriangulo3" classname="hn.joan.calculadora_areas.AppTest" time="0"/>
  <testcase name="areaRectangulo1" classname="hn.joan.calculadora_areas.AppTest" time="0"/>
  <testcase name="areaRectangulo2" classname="hn.joan.calculadora_areas.AppTest" time="0.001"/>
  <testcase name="areaRectangulo3" classname="hn.joan.calculadora_areas.AppTest" time="0"/>
  <testcase name="areaCuadrado1" classname="hn.joan.calculadora_areas.AppTest" time="0"/>
  <testcase name="areaCuadrado2" classname="hn.joan.calculadora_areas.AppTest" time="0"/>
  <testcase name="areaCuadrado3" classname="hn.joan.calculadora_areas.AppTest" time="0"/>
  <testcase name="areaCirculo1" classname="hn.joan.calculadora_areas.AppTest" time="0.001"/>
  <testcase name="areaCirculo2" classname="hn.joan.calculadora_areas.AppTest" time="0"/>
  <testcase name="areaCirculo3" classname="hn.joan.calculadora_areas.AppTest" time="0"/>
</testsuite>